<?xml version="1.0" encoding="UTF-8"?>
<!-- Generated by org.testng.reporters.JUnitXMLReporter -->
<testsuite hostname="DESKTOP-6BCATAP" ignored="0" name="Test" tests="2" failures="1" timestamp="02 Mar 2018 09:10:49 GMT" time="0.047" errors="0">
  <testcase name="Dummy_test_to_fail" time="0.032" classname="testmaven.test1">
    <failure type="junit.framework.AssertionFailedError" message="expected:&amp;lt;1&amp;gt; but was:&amp;lt;2&amp;gt;">
      <![CDATA[junit.framework.AssertionFailedError: expected:<1> but was:<2>
	at junit.framework.Assert.fail(Assert.java:57)
	at junit.framework.Assert.failNotEquals(Assert.java:329)
	at junit.framework.Assert.assertEquals(Assert.java:78)
	at junit.framework.Assert.assertEquals(Assert.java:234)
	at junit.framework.Assert.assertEquals(Assert.java:241)
	at testmaven.test1.Dummy_test_to_fail(test1.java:19)
... Removed 28 stack frames]]>
    </failure>
  </testcase> <!-- Dummy_test_to_fail -->
  <testcase name="Dummy_test_to_passes" time="0.0" classname="testmaven.test1"/>
</testsuite> <!-- Test -->
