-------------------------------------------------------------------------------
Test set: TestSuite
-------------------------------------------------------------------------------
Tests run: 2, Failures: 1, Errors: 0, Skipped: 0, Time elapsed: 0.982 sec <<< FAILURE! - in TestSuite
Dummy_test_to_fail(testmaven.test1)  Time elapsed: 0.016 sec  <<< FAILURE!
junit.framework.AssertionFailedError: expected:<1> but was:<2>
	at testmaven.test1.Dummy_test_to_fail(test1.java:19)

